\BOOKMARK [-1][-]{part.1}{I Estimation du redshift photom\351trique par apprentissage profond et \340 partir des images}{}% 1
\BOOKMARK [0][-]{chapter.1}{Travaux existants dans la litt\351rature}{part.1}% 2
\BOOKMARK [1][-]{section.1.1}{M\351thodes bas\351es sur les mod\350les \(template-based\)}{chapter.1}% 3
\BOOKMARK [1][-]{section.1.2}{M\351thodes empiriques}{chapter.1}% 4
\BOOKMARK [0][-]{chapter.2}{Mod\350les de l'apprentissage automatique}{part.1}% 5
\BOOKMARK [1][-]{section.2.1}{R\351seau de neurones artificiels}{chapter.2}% 6
\BOOKMARK [2][-]{subsection.2.1.1}{Perception multi-couches \(MLP\)}{section.2.1}% 7
\BOOKMARK [2][-]{subsection.2.1.2}{Auto-Encoder}{section.2.1}% 8
\BOOKMARK [1][-]{section.2.2}{R\351seau de neurones convolutifs \(CNN\)}{chapter.2}% 9
\BOOKMARK [2][-]{subsection.2.2.1}{Couche convolutive}{section.2.2}% 10
\BOOKMARK [2][-]{subsection.2.2.2}{Couche d'agr\351gation \(pooling\)}{section.2.2}% 11
\BOOKMARK [1][-]{section.2.3}{Boosting}{chapter.2}% 12
\BOOKMARK [1][-]{section.2.4}{Apprentissage profond}{chapter.2}% 13
\BOOKMARK [2][-]{subsection.2.4.1}{Apprentissage par r\351tro-propagation}{section.2.4}% 14
\BOOKMARK [0][-]{chapter.3}{R\351sultats et discussion}{part.1}% 15
\BOOKMARK [1][-]{section.3.1}{Donn\351es}{chapter.3}% 16
\BOOKMARK [2][-]{subsection.3.1.1}{Source et nature de donn\351es}{section.3.1}% 17
\BOOKMARK [2][-]{subsection.3.1.2}{Pr\351-traitement sur les images}{section.3.1}% 18
\BOOKMARK [1][-]{section.3.2}{Configurations techniques}{chapter.3}% 19
\BOOKMARK [1][-]{section.3.3}{Exp\351rimentations}{chapter.3}% 20
\BOOKMARK [2][-]{subsection.3.3.1}{CNN \(type: inception module\)}{section.3.3}% 21
\BOOKMARK [2][-]{subsection.3.3.2}{Boosting \(type: xgboost\)}{section.3.3}% 22
\BOOKMARK [2][-]{subsection.3.3.3}{Exp\351rimentions avec XGBoost}{section.3.3}% 23
\BOOKMARK [-1][-]{part.2}{II Classification des supernovas \340 partir des donn\351es photom\351triques en s\351ries temporelles}{}% 24
\BOOKMARK [0][-]{chapter.4}{Donn\351es et algorithmes utilis\351s}{part.2}% 25
\BOOKMARK [1][-]{section.4.1}{Donn\351es}{chapter.4}% 26
\BOOKMARK [1][-]{section.4.2}{Diff\351rents algorithmes}{chapter.4}% 27
\BOOKMARK [1][-]{section.4.3}{Exp\351rimentations et r\351sultats}{chapter.4}% 28
\BOOKMARK [2][-]{subsection.4.3.1}{SAX}{section.4.3}% 29
\BOOKMARK [2][-]{subsection.4.3.2}{La m\351thode bas\351e mod\350le}{section.4.3}% 30
