This is pdfTeX, Version 3.14159265-2.6-1.40.19 (MiKTeX 2.9.6730 64-bit) (preloaded format=pdflatex 2018.7.17)  12 AUG 2018 13:29
entering extended mode
**./main.tex
(main.tex
LaTeX2e <2018-04-01> patch level 5
("C:\Program Files\MiKTeX 2.9\tex\latex\base\report.cls"
Document Class: report 2014/09/29 v1.4h Standard LaTeX document class
("C:\Program Files\MiKTeX 2.9\tex\latex\base\size10.clo"
File: size10.clo 2014/09/29 v1.4h Standard LaTeX file (size option)
)
\c@part=\count80
\c@chapter=\count81
\c@section=\count82
\c@subsection=\count83
\c@subsubsection=\count84
\c@paragraph=\count85
\c@subparagraph=\count86
\c@figure=\count87
\c@table=\count88
\abovecaptionskip=\skip41
\belowcaptionskip=\skip42
\bibindent=\dimen102
)
("C:\Program Files\MiKTeX 2.9\tex\latex\base\inputenc.sty"
Package: inputenc 2018/04/06 v1.3b Input encoding file
\inpenc@prehook=\toks14
\inpenc@posthook=\toks15
)
("C:\Program Files\MiKTeX 2.9\tex\latex\base\fontenc.sty"
Package: fontenc 2017/04/05 v2.0i Standard LaTeX package

("C:\Program Files\MiKTeX 2.9\tex\latex\base\t1enc.def"
File: t1enc.def 2017/04/05 v2.0i Standard LaTeX file
LaTeX Font Info:    Redeclaring font encoding T1 on input line 48.
))
("C:\Program Files\MiKTeX 2.9\tex\generic\babel\babel.sty"
Package: babel 2018/06/05 3.22 The Babel package

("C:\Program Files\MiKTeX 2.9\tex\generic\babel\switch.def"
File: switch.def 2018/06/05 3.22 Babel switching mechanism
)
*************************************
* Local config file bblopts.cfg used
*
("C:\Program Files\MiKTeX 2.9\tex\latex\arabi\bblopts.cfg"
File: bblopts.cfg 2005/09/08 v0.1 add Arabic and Farsi to "declared" options of
 babel
)
("C:\Program Files\MiKTeX 2.9\tex\generic\babel-french\french.ldf"
Language: french 2018/04/12 v3.4d French support from the babel system

("C:\Program Files\MiKTeX 2.9\tex\generic\babel\babel.def"
File: babel.def 2018/06/05 3.22 Babel common definitions
\babel@savecnt=\count89
\U@D=\dimen103

("C:\Program Files\MiKTeX 2.9\tex\generic\babel\txtbabel.def")
\bbl@dirlevel=\count90
)
\l@acadian = a dialect from \language\l@french 
\FB@nonchar=\count91
Package babel Info: Making : an active character on input line 415.
Package babel Info: Making ; an active character on input line 416.
Package babel Info: Making ! an active character on input line 417.
Package babel Info: Making ? an active character on input line 418.
\FBguill@level=\count92
\FB@everypar=\toks16
\FB@Mht=\dimen104
\mc@charclass=\count93
\mc@charfam=\count94
\mc@charslot=\count95
\std@mcc=\count96
\dec@mcc=\count97
\c@FBcaption@count=\count98
\listindentFB=\skip43
\descindentFB=\skip44
\labelwidthFB=\skip45
\leftmarginFB=\skip46
\parindentFFN=\dimen105
\FBfnindent=\skip47
))
("C:\Program Files\MiKTeX 2.9\tex\latex\carlisle\scalefnt.sty")
("C:\Program Files\MiKTeX 2.9\tex\latex\graphics\keyval.sty"
Package: keyval 2014/10/28 v1.15 key=value parser (DPC)
\KV@toks@=\toks17
)
("C:\Program Files\MiKTeX 2.9\tex\latex\numprint\numprint.sty"
Package: numprint 2012/08/20 v1.39 Print numbers (HH)

("C:\Program Files\MiKTeX 2.9\tex\latex\tools\array.sty"
Package: array 2018/04/30 v2.4h Tabular extension package (FMi)
\col@sep=\dimen106
\ar@mcellbox=\box26
\extrarowheight=\dimen107
\NC@list=\toks18
\extratabsurround=\skip48
\backup@length=\skip49
\ar@cellbox=\box27
)
\c@nprt@mantissa@digitsbefore=\count99
\c@nprt@mantissa@digitsafter=\count100
\c@nprt@exponent@digitsbefore=\count101
\c@nprt@exponent@digitsafter=\count102
\nprt@digitwidth=\skip50
\nprt@sepwidth=\skip51
\nprt@decimalwidth=\skip52
\nprt@blockwidth=\skip53
\nprt@digittoks=\toks19
\nprt@pretoks=\toks20
\nprt@posttoks=\toks21
\nprt@thisdigit=\count103
\nprt@curpos=\count104
\nprt@rndpos=\count105
\c@nprt@digitsfirstblock=\count106
\c@nprt@blockcnt=\count107
\c@nprt@cntprint=\count108

No configuration file `numprint.cfg' found.)
("C:\Program Files\MiKTeX 2.9\tex\latex\biblatex\biblatex.sty"
Package: biblatex 2018/03/04 v3.11 programmable bibliographies (PK/MW)

("C:\Program Files\MiKTeX 2.9\tex\generic\oberdiek\pdftexcmds.sty"
Package: pdftexcmds 2018/01/30 v0.27 Utility functions of pdfTeX for LuaTeX (HO
)

("C:\Program Files\MiKTeX 2.9\tex\generic\oberdiek\infwarerr.sty"
Package: infwarerr 2016/05/16 v1.4 Providing info/warning/error messages (HO)
)
("C:\Program Files\MiKTeX 2.9\tex\generic\oberdiek\ifluatex.sty"
Package: ifluatex 2016/05/16 v1.4 Provides the ifluatex switch (HO)
Package ifluatex Info: LuaTeX not detected.
)
("C:\Program Files\MiKTeX 2.9\tex\generic\oberdiek\ltxcmds.sty"
Package: ltxcmds 2016/05/16 v1.23 LaTeX kernel commands for general use (HO)
)
("C:\Program Files\MiKTeX 2.9\tex\generic\oberdiek\ifpdf.sty"
Package: ifpdf 2017/03/15 v3.2 Provides the ifpdf switch
)
Package pdftexcmds Info: LuaTeX not detected.
Package pdftexcmds Info: \pdf@primitive is available.
Package pdftexcmds Info: \pdf@ifprimitive is available.
Package pdftexcmds Info: \pdfdraftmode found.
)
("C:\Program Files\MiKTeX 2.9\tex\latex\etoolbox\etoolbox.sty"
Package: etoolbox 2018/02/11 v2.5e e-TeX tools for LaTeX (JAW)
\etb@tempcnta=\count109
)
("C:\Program Files\MiKTeX 2.9\tex\latex\oberdiek\kvoptions.sty"
Package: kvoptions 2016/05/16 v3.12 Key value format for package options (HO)

("C:\Program Files\MiKTeX 2.9\tex\generic\oberdiek\kvsetkeys.sty"
Package: kvsetkeys 2016/05/16 v1.17 Key value parser (HO)

("C:\Program Files\MiKTeX 2.9\tex\generic\oberdiek\etexcmds.sty"
Package: etexcmds 2016/05/16 v1.6 Avoid name clashes with e-TeX commands (HO)
Package etexcmds Info: Could not find \expanded.
(etexcmds)             That can mean that you are not using pdfTeX 1.50 or
(etexcmds)             that some package has redefined \expanded.
(etexcmds)             In the latter case, load this package earlier.
)))
("C:\Program Files\MiKTeX 2.9\tex\latex\logreq\logreq.sty"
Package: logreq 2010/08/04 v1.0 xml request logger
\lrq@indent=\count110

("C:\Program Files\MiKTeX 2.9\tex\latex\logreq\logreq.def"
File: logreq.def 2010/08/04 v1.0 logreq spec v1.0
))
("C:\Program Files\MiKTeX 2.9\tex\latex\base\ifthen.sty"
Package: ifthen 2014/09/29 v1.1c Standard LaTeX ifthen package (DPC)
)
("C:\Program Files\MiKTeX 2.9\tex\latex\url\url.sty"
\Urlmuskip=\muskip10
Package: url 2013/09/16  ver 3.4  Verb mode for urls, etc.
)
("C:\Program Files\MiKTeX 2.9\tex\latex\xstring\xstring.sty"
("C:\Program Files\MiKTeX 2.9\tex\generic\xstring\xstring.tex"
\@xs@message=\write3
\integerpart=\count111
\decimalpart=\count112
)
Package: xstring 2013/10/13  v1.7c  String manipulations (C Tellechea)
)
\c@tabx@nest=\count113
\c@listtotal=\count114
\c@listcount=\count115
\c@liststart=\count116
\c@liststop=\count117
\c@citecount=\count118
\c@citetotal=\count119
\c@multicitecount=\count120
\c@multicitetotal=\count121
\c@instcount=\count122
\c@maxnames=\count123
\c@minnames=\count124
\c@maxitems=\count125
\c@minitems=\count126
\c@citecounter=\count127
\c@savedcitecounter=\count128
\c@uniquelist=\count129
\c@uniquename=\count130
\c@refsection=\count131
\c@refsegment=\count132
\c@maxextratitle=\count133
\c@maxextratitleyear=\count134
\c@maxextradate=\count135
\c@maxextraalpha=\count136
\c@abbrvpenalty=\count137
\c@highnamepenalty=\count138
\c@lownamepenalty=\count139
\c@maxparens=\count140
\c@parenlevel=\count141
\blx@tempcnta=\count142
\blx@tempcntb=\count143
\blx@tempcntc=\count144
\blx@maxsection=\count145
\blx@maxsegment@0=\count146
\blx@notetype=\count147
\blx@parenlevel@text=\count148
\blx@parenlevel@foot=\count149
\blx@sectionciteorder@0=\count150
\labelnumberwidth=\skip54
\labelalphawidth=\skip55
\biblabelsep=\skip56
\bibitemsep=\skip57
\bibnamesep=\skip58
\bibinitsep=\skip59
\bibparsep=\skip60
\bibhang=\skip61
\blx@bcfin=\read1
\blx@bcfout=\write4
\c@mincomprange=\count151
\c@maxcomprange=\count152
\c@mincompwidth=\count153
Package biblatex Info: Trying to load biblatex default data model...
Package biblatex Info: ... file 'blx-dm.def' found.

("C:\Program Files\MiKTeX 2.9\tex\latex\biblatex\blx-dm.def"
File: blx-dm.def 2018/03/04 v3.11 biblatex localization (PK/MW)
)
Package biblatex Info: Trying to load biblatex custom data model...
Package biblatex Info: ... file 'biblatex-dm.cfg' not found.
\c@afterword=\count154
\c@savedafterword=\count155
\c@annotator=\count156
\c@savedannotator=\count157
\c@author=\count158
\c@savedauthor=\count159
\c@bookauthor=\count160
\c@savedbookauthor=\count161
\c@commentator=\count162
\c@savedcommentator=\count163
\c@editor=\count164
\c@savededitor=\count165
\c@editora=\count166
\c@savededitora=\count167
\c@editorb=\count168
\c@savededitorb=\count169
\c@editorc=\count170
\c@savededitorc=\count171
\c@foreword=\count172
\c@savedforeword=\count173
\c@holder=\count174
\c@savedholder=\count175
\c@introduction=\count176
\c@savedintroduction=\count177
\c@namea=\count178
\c@savednamea=\count179
\c@nameb=\count180
\c@savednameb=\count181
\c@namec=\count182
\c@savednamec=\count183
\c@translator=\count184
\c@savedtranslator=\count185
\c@shortauthor=\count186
\c@savedshortauthor=\count187
\c@shorteditor=\count188
\c@savedshorteditor=\count189
\c@labelname=\count190
\c@savedlabelname=\count191
\c@institution=\count192
\c@savedinstitution=\count193
\c@lista=\count194
\c@savedlista=\count195
\c@listb=\count196
\c@savedlistb=\count197
\c@listc=\count198
\c@savedlistc=\count199
\c@listd=\count266
\c@savedlistd=\count267
\c@liste=\count268
\c@savedliste=\count269
\c@listf=\count270
\c@savedlistf=\count271
\c@location=\count272
\c@savedlocation=\count273
\c@organization=\count274
\c@savedorganization=\count275
\c@origlocation=\count276
\c@savedoriglocation=\count277
\c@origpublisher=\count278
\c@savedorigpublisher=\count279
\c@publisher=\count280
\c@savedpublisher=\count281
\c@language=\count282
\c@savedlanguage=\count283
\c@origlanguage=\count284
\c@savedoriglanguage=\count285
\c@pageref=\count286
\c@savedpageref=\count287
\shorthandwidth=\skip62
\shortjournalwidth=\skip63
\shortserieswidth=\skip64
\shorttitlewidth=\skip65
\shortauthorwidth=\skip66
\shorteditorwidth=\skip67
\locallabelnumberwidth=\skip68
\locallabelalphawidth=\skip69
\localshorthandwidth=\skip70
\localshortjournalwidth=\skip71
\localshortserieswidth=\skip72
\localshorttitlewidth=\skip73
\localshortauthorwidth=\skip74
\localshorteditorwidth=\skip75
Package biblatex Info: Trying to load compatibility code...
Package biblatex Info: ... file 'blx-compat.def' found.

("C:\Program Files\MiKTeX 2.9\tex\latex\biblatex\blx-compat.def"
File: blx-compat.def 2018/03/04 v3.11 biblatex compatibility (PK/MW)
)
Package biblatex Info: Trying to load BibTeX backend compatibility...
Package biblatex Info: ... file 'blx-bibtex.def' found.

("C:\Program Files\MiKTeX 2.9\tex\latex\biblatex\blx-bibtex.def"
File: blx-bibtex.def 2018/03/04 v3.11 biblatex compatibility (PK/MW)


Package biblatex Warning: Using fall-back BibTeX(8) backend:
(biblatex)                functionality may be reduced/unavailable.

)
Package biblatex Info: Trying to load generic definitions...
Package biblatex Info: ... file 'biblatex.def' found.
 ("C:\Program Files\MiKTeX 2.9\tex\latex\biblatex\biblatex.def"
File: biblatex.def 2018/03/04 v3.11 biblatex compatibility (PK/MW)
\c@textcitecount=\count288
\c@textcitetotal=\count289
\c@textcitemaxnames=\count290
\c@biburlnumpenalty=\count291
\c@biburlucpenalty=\count292
\c@biburllcpenalty=\count293
\c@smartand=\count294
)
Package biblatex Info: Trying to load bibliography style 'numeric'...
Package biblatex Info: ... file 'numeric.bbx' found.

("C:\Program Files\MiKTeX 2.9\tex\latex\biblatex\bbx\numeric.bbx"
File: numeric.bbx 2018/03/04 v3.11 biblatex bibliography style (PK/MW)
Package biblatex Info: Trying to load bibliography style 'standard'...
Package biblatex Info: ... file 'standard.bbx' found.

("C:\Program Files\MiKTeX 2.9\tex\latex\biblatex\bbx\standard.bbx"
File: standard.bbx 2018/03/04 v3.11 biblatex bibliography style (PK/MW)
\c@bbx:relatedcount=\count295
\c@bbx:relatedtotal=\count296
))
Package biblatex Info: Trying to load citation style 'numeric'...
Package biblatex Info: ... file 'numeric.cbx' found.

("C:\Program Files\MiKTeX 2.9\tex\latex\biblatex\cbx\numeric.cbx"
File: numeric.cbx 2018/03/04 v3.11 biblatex citation style (PK/MW)
Package biblatex Info: Redefining '\cite'.
Package biblatex Info: Redefining '\parencite'.
Package biblatex Info: Redefining '\footcite'.
Package biblatex Info: Redefining '\footcitetext'.
Package biblatex Info: Redefining '\smartcite'.
Package biblatex Info: Redefining '\supercite'.
Package biblatex Info: Redefining '\textcite'.
Package biblatex Info: Redefining '\textcites'.
Package biblatex Info: Redefining '\cites'.
Package biblatex Info: Redefining '\parencites'.
Package biblatex Info: Redefining '\smartcites'.
)
Package biblatex Info: Trying to load configuration file...
Package biblatex Info: ... file 'biblatex.cfg' found.

("C:\Program Files\MiKTeX 2.9\tex\latex\biblatex\biblatex.cfg"
File: biblatex.cfg 
))
("C:\Program Files\MiKTeX 2.9\tex\latex\csquotes\csquotes.sty"
Package: csquotes 2018/04/13 v5.2d context-sensitive quotations (JAW)
\csq@reset=\count297
\csq@gtype=\count298
\csq@glevel=\count299
\csq@qlevel=\count300
\csq@maxlvl=\count301
\csq@tshold=\count302
\csq@ltx@everypar=\toks22

("C:\Program Files\MiKTeX 2.9\tex\latex\csquotes\csquotes.def"
File: csquotes.def 2018/04/13 v5.2d csquotes generic definitions (JAW)
)
Package csquotes Info: Trying to load configuration file 'csquotes.cfg'...
Package csquotes Info: ... configuration file loaded successfully.

("C:\Program Files\MiKTeX 2.9\tex\latex\csquotes\csquotes.cfg"
File: csquotes.cfg 
))
("C:\Program Files\MiKTeX 2.9\tex\latex\graphics\graphicx.sty"
Package: graphicx 2017/06/01 v1.1a Enhanced LaTeX Graphics (DPC,SPQR)

("C:\Program Files\MiKTeX 2.9\tex\latex\graphics\graphics.sty"
Package: graphics 2017/06/25 v1.2c Standard LaTeX Graphics (DPC,SPQR)

("C:\Program Files\MiKTeX 2.9\tex\latex\graphics\trig.sty"
Package: trig 2016/01/03 v1.10 sin cos tan (DPC)
)
("C:\Program Files\MiKTeX 2.9\tex\latex\graphics-cfg\graphics.cfg"
File: graphics.cfg 2016/06/04 v1.11 sample graphics configuration
)
Package graphics Info: Driver file: pdftex.def on input line 99.

("C:\Program Files\MiKTeX 2.9\tex\latex\graphics-def\pdftex.def"
File: pdftex.def 2018/01/08 v1.0l Graphics/color driver for pdftex
))
\Gin@req@height=\dimen108
\Gin@req@width=\dimen109
)
("C:\Program Files\MiKTeX 2.9\tex\latex\wrapfig\wrapfig.sty"
\wrapoverhang=\dimen110
\WF@size=\dimen111
\c@WF@wrappedlines=\count303
\WF@box=\box28
\WF@everypar=\toks23
Package: wrapfig 2003/01/31  v 3.6
)
("C:\Program Files\MiKTeX 2.9\tex\latex\lipsum\lipsum.sty"
Package: lipsum 2014/07/27 v1.3 150 paragraphs of Lorem Ipsum dummy text
\c@lips@count=\count304
)
("C:\Program Files\MiKTeX 2.9\tex\latex\float\float.sty"
Package: float 2001/11/08 v1.3d Float enhancements (AL)
\c@float@type=\count305
\float@exts=\toks24
\float@box=\box29
\@float@everytoks=\toks25
\@floatcapt=\box30
)
("C:\Program Files\MiKTeX 2.9\tex\latex\multirow\multirow.sty"
Package: multirow 2016/11/25 v2.2 Span multiple rows of a table
\multirow@colwidth=\skip76
\multirow@cntb=\count306
\multirow@dima=\skip77
\bigstrutjot=\dimen112
)
("C:\Program Files\MiKTeX 2.9\tex\latex\hyperref\hyperref.sty"
Package: hyperref 2018/02/06 v6.86b Hypertext links for LaTeX

("C:\Program Files\MiKTeX 2.9\tex\generic\oberdiek\hobsub-hyperref.sty"
Package: hobsub-hyperref 2016/05/16 v1.14 Bundle oberdiek, subset hyperref (HO)


("C:\Program Files\MiKTeX 2.9\tex\generic\oberdiek\hobsub-generic.sty"
Package: hobsub-generic 2016/05/16 v1.14 Bundle oberdiek, subset generic (HO)
Package: hobsub 2016/05/16 v1.14 Construct package bundles (HO)
Package hobsub Info: Skipping package `infwarerr' (already loaded).
Package hobsub Info: Skipping package `ltxcmds' (already loaded).
Package hobsub Info: Skipping package `ifluatex' (already loaded).
Package: ifvtex 2016/05/16 v1.6 Detect VTeX and its facilities (HO)
Package ifvtex Info: VTeX not detected.
Package: intcalc 2016/05/16 v1.2 Expandable calculations with integers (HO)
Package hobsub Info: Skipping package `ifpdf' (already loaded).
Package hobsub Info: Skipping package `etexcmds' (already loaded).
Package hobsub Info: Skipping package `kvsetkeys' (already loaded).
Package: kvdefinekeys 2016/05/16 v1.4 Define keys (HO)
Package hobsub Info: Skipping package `pdftexcmds' (already loaded).
Package: pdfescape 2016/05/16 v1.14 Implements pdfTeX's escape features (HO)
Package: bigintcalc 2016/05/16 v1.4 Expandable calculations on big integers (HO
)
Package: bitset 2016/05/16 v1.2 Handle bit-vector datatype (HO)
Package: uniquecounter 2016/05/16 v1.3 Provide unlimited unique counter (HO)
)
Package hobsub Info: Skipping package `hobsub' (already loaded).
Package: letltxmacro 2016/05/16 v1.5 Let assignment for LaTeX macros (HO)
Package: hopatch 2016/05/16 v1.3 Wrapper for package hooks (HO)
Package: xcolor-patch 2016/05/16 xcolor patch
Package: atveryend 2016/05/16 v1.9 Hooks at the very end of document (HO)
Package: atbegshi 2016/06/09 v1.18 At begin shipout hook (HO)
Package: refcount 2016/05/16 v3.5 Data extraction from label references (HO)
Package: hycolor 2016/05/16 v1.8 Color options for hyperref/bookmark (HO)
)
("C:\Program Files\MiKTeX 2.9\tex\generic\ifxetex\ifxetex.sty"
Package: ifxetex 2010/09/12 v0.6 Provides ifxetex conditional
)
("C:\Program Files\MiKTeX 2.9\tex\latex\oberdiek\auxhook.sty"
Package: auxhook 2016/05/16 v1.4 Hooks for auxiliary files (HO)
)
\@linkdim=\dimen113
\Hy@linkcounter=\count307
\Hy@pagecounter=\count308

("C:\Program Files\MiKTeX 2.9\tex\latex\hyperref\pd1enc.def"
File: pd1enc.def 2018/02/06 v6.86b Hyperref: PDFDocEncoding definition (HO)
Now handling font encoding PD1 ...
... no UTF-8 mapping file for font encoding PD1
)
\Hy@SavedSpaceFactor=\count309

("C:\Program Files\MiKTeX 2.9\tex\latex\00miktex\hyperref.cfg"
File: hyperref.cfg 2002/06/06 v1.2 hyperref configuration of TeXLive
)
Package hyperref Info: Hyper figures OFF on input line 4509.
Package hyperref Info: Link nesting OFF on input line 4514.
Package hyperref Info: Hyper index ON on input line 4517.
Package hyperref Info: Plain pages OFF on input line 4524.
Package hyperref Info: Backreferencing OFF on input line 4529.
Package hyperref Info: Implicit mode ON; LaTeX internals redefined.
Package hyperref Info: Bookmarks ON on input line 4762.
\c@Hy@tempcnt=\count310
LaTeX Info: Redefining \url on input line 5115.
\XeTeXLinkMargin=\dimen114
\Fld@menulength=\count311
\Field@Width=\dimen115
\Fld@charsize=\dimen116
Package hyperref Info: Hyper figures OFF on input line 6369.
Package hyperref Info: Link nesting OFF on input line 6374.
Package hyperref Info: Hyper index ON on input line 6377.
Package hyperref Info: backreferencing OFF on input line 6384.
Package hyperref Info: Link coloring OFF on input line 6389.
Package hyperref Info: Link coloring with OCG OFF on input line 6394.
Package hyperref Info: PDF/A mode OFF on input line 6399.
LaTeX Info: Redefining \ref on input line 6439.
LaTeX Info: Redefining \pageref on input line 6443.
\Hy@abspage=\count312
\c@Item=\count313
\c@Hfootnote=\count314
)
Package hyperref Info: Driver (autodetected): hpdftex.

("C:\Program Files\MiKTeX 2.9\tex\latex\hyperref\hpdftex.def"
File: hpdftex.def 2018/02/06 v6.86b Hyperref driver for pdfTeX
\Fld@listcount=\count315
\c@bookmark@seq@number=\count316

("C:\Program Files\MiKTeX 2.9\tex\latex\oberdiek\rerunfilecheck.sty"
Package: rerunfilecheck 2016/05/16 v1.8 Rerun checks for auxiliary files (HO)
Package uniquecounter Info: New unique counter `rerunfilecheck' on input line 2
82.
)
\Hy@SectionHShift=\skip78
)
Package biblatex Info: Trying to load language 'french'...
Package biblatex Info: ... file 'french.lbx' found.

("C:\Program Files\MiKTeX 2.9\tex\latex\biblatex\lbx\french.lbx"
File: french.lbx 2018/03/04 v3.11 biblatex localization (PK/MW)
)
Package csquotes Info: Checking for multilingual support...
Package csquotes Info: ... found 'babel' package.
Package csquotes Info: Adjusting default style.
Package csquotes Info: Redefining alias 'default' -> 'french'.
 (main.aux
(context_part1.aux) (existant_part1.aux) (modeles.aux)
(experimentation_part1.aux) (appendix.aux))
\openout1 = `main.aux'.

LaTeX Font Info:    Checking defaults for OML/cmm/m/it on input line 29.
LaTeX Font Info:    ... okay on input line 29.
LaTeX Font Info:    Checking defaults for T1/cmr/m/n on input line 29.
LaTeX Font Info:    ... okay on input line 29.
LaTeX Font Info:    Checking defaults for OT1/cmr/m/n on input line 29.
LaTeX Font Info:    ... okay on input line 29.
LaTeX Font Info:    Checking defaults for OMS/cmsy/m/n on input line 29.
LaTeX Font Info:    ... okay on input line 29.
LaTeX Font Info:    Checking defaults for OMX/cmex/m/n on input line 29.
LaTeX Font Info:    ... okay on input line 29.
LaTeX Font Info:    Checking defaults for U/cmr/m/n on input line 29.
LaTeX Font Info:    ... okay on input line 29.
LaTeX Font Info:    Checking defaults for PD1/pdf/m/n on input line 29.
LaTeX Font Info:    ... okay on input line 29.
LaTeX Info: Redefining \degres on input line 29.
LaTeX Info: Redefining \dots on input line 29.
LaTeX Info: Redefining \up on input line 29.
Package biblatex Info: Input encoding 'utf8' detected.
Package biblatex Info: Automatic encoding selection.
(biblatex)             Assuming data encoding 'utf8'.
Package biblatex Info: Input encoding 'utf8' specified.
Package biblatex Info: Data encoding 'utf8' specified.
(biblatex)             No need to reencode data.
\openout4 = `main-blx.bib'.

Package biblatex Info: Trying to load bibliographic data...
Package biblatex Info: ... file 'main.bbl' found.
 (main.bbl)
Package biblatex Info: Reference section=0 on input line 29.
Package biblatex Info: Reference segment=0 on input line 29.

("C:\Program Files\MiKTeX 2.9\tex\context\base\supp-pdf.mkii"
[Loading MPS to PDF converter (version 2006.09.02).]
\scratchcounter=\count317
\scratchdimen=\dimen117
\scratchbox=\box31
\nofMPsegments=\count318
\nofMParguments=\count319
\everyMPshowfont=\toks26
\MPscratchCnt=\count320
\MPscratchDim=\dimen118
\MPnumerator=\count321
\makeMPintoPDFobject=\count322
\everyMPtoPDFconversion=\toks27
) ("C:\Program Files\MiKTeX 2.9\tex\latex\oberdiek\epstopdf-base.sty"
Package: epstopdf-base 2016/05/15 v2.6 Base part for package epstopdf

("C:\Program Files\MiKTeX 2.9\tex\latex\oberdiek\grfext.sty"
Package: grfext 2016/05/16 v1.2 Manage graphics extensions (HO)
)
Package epstopdf-base Info: Redefining graphics rule for `.eps' on input line 4
38.
Package grfext Info: Graphics extension search list:
(grfext)             [.pdf,.png,.jpg,.mps,.jpeg,.jbig2,.jb2,.PDF,.PNG,.JPG,.JPE
G,.JBIG2,.JB2,.eps]
(grfext)             \AppendGraphicsExtensions on input line 456.
)
\AtBeginShipoutBox=\box32
Package hyperref Info: Link coloring OFF on input line 29.

("C:\Program Files\MiKTeX 2.9\tex\latex\hyperref\nameref.sty"
Package: nameref 2016/05/21 v2.44 Cross-referencing by name of section

("C:\Program Files\MiKTeX 2.9\tex\generic\oberdiek\gettitlestring.sty"
Package: gettitlestring 2016/05/16 v1.5 Cleanup title references (HO)
)
\c@section@level=\count323
)
LaTeX Info: Redefining \ref on input line 29.
LaTeX Info: Redefining \pageref on input line 29.
LaTeX Info: Redefining \nameref on input line 29.

(main.out) (main.out)
\@outlinefile=\write5
\openout5 = `main.out'.

 (title.tex
<images/uca.png, id=123, 270.00874pt x 260.975pt>
File: images/uca.png Graphic file (type png)
<use images/uca.png>
Package pdftex.def Info: images/uca.png  used on input line 5.
(pdftex.def)             Requested size: 85.35808pt x 85.35744pt.
<images/limos.png, id=124, 301.125pt x 196.735pt>
File: images/limos.png Graphic file (type png)
<use images/limos.png>
Package pdftex.def Info: images/limos.png  used on input line 6.
(pdftex.def)             Requested size: 120.7521pt x 78.89072pt.
LaTeX Font Info:    External font `cmex10' loaded for size
(Font)              <7> on input line 35.
LaTeX Font Info:    External font `cmex10' loaded for size
(Font)              <5> on input line 35.
 [1

{C:/Users/Oussissa/AppData/Local/MiKTeX/2.9/pdftex/config/pdftex.map} <./images
/uca.png (PNG copy)> <./images/limos.png>])pdfTeX warning (ext4): destination w
ith the same identifier (name{page.1}) has been already used, duplicate ignored

<to be read again> 
                   \relax 
l.60 \tableofcontents
                      [1] (main.toc [2

])
\tf@toc=\write6
\openout6 = `main.toc'.

 [3] (main.lof)
\tf@lof=\write7
\openout7 = `main.lof'.

 [4

] (main.lot)
\tf@lot=\write8
\openout8 = `main.lot'.

 [0

]pdfTeX warning (ext4): destination with the same identifier (name{page.1}) has
 been already used, duplicate ignored
<to be read again> 
                   \relax 
l.74 
      [1

]pdfTeX warning (ext4): destination with the same identifier (name{page.2}) has
 been already used, duplicate ignored
<to be read again> 
                   \relax 
l.105 \item[*]
               Recherche op√©rationnelle, Syst√®mes de production ; Logistique
[2]pdfTeX warning (ext4): destination with the same identifier (name{page.3}) h
as been already used, duplicate ignored
<to be read again> 
                   \relax 
l.118 \part
           {Estimation du redshift photom√©trique par apprentissage profond ...
[3]pdfTeX warning (ext4): destination with the same identifier (name{page.4}) h
as been already used, duplicate ignored
<to be read again> 
                   \relax 
l.118 ...ntissage profond et √† partir des images}
                                                   [4

] [5]
\openout2 = `context_part1.aux'.

 (context_part1.tex
<images/reshift.png, id=311, 803.0pt x 501.875pt>
File: images/reshift.png Graphic file (type png)
<use images/reshift.png>
Package pdftex.def Info: images/reshift.png  used on input line 4.
(pdftex.def)             Requested size: 240.90186pt x 150.56366pt.


LaTeX Warning: Command \' invalid in math mode on input line 8.

Missing character: There is no È in font cmr5!

LaTeX Warning: Command \' invalid in math mode on input line 8.

Missing character: There is no È in font cmr7!

LaTeX Warning: Command \' invalid in math mode on input line 8.

Missing character: There is no È in font cmr7!
<images/spectroscopie.jpg, id=312, 567.11874pt x 512.91624pt>
File: images/spectroscopie.jpg Graphic file (type jpg)
<use images/spectroscopie.jpg>
Package pdftex.def Info: images/spectroscopie.jpg  used on input line 14.
(pdftex.def)             Requested size: 369.89488pt x 142.26158pt.

Overfull \hbox (24.89488pt too wide) in paragraph at lines 14--15
[][] 
 []

[6

 <./images/reshift.png>]
<images/photometrie.png, id=326, 542.025pt x 379.4175pt>
File: images/photometrie.png Graphic file (type png)
<use images/photometrie.png>
Package pdftex.def Info: images/photometrie.png  used on input line 22.
(pdftex.def)             Requested size: 369.89542pt x 142.26384pt.

Overfull \hbox (24.89542pt too wide) in paragraph at lines 22--23
[][] 
 []

[7 <./images/spectroscopie.jpg> <./images/photometrie.png>]
Underfull \hbox (badness 10000) in paragraph at lines 30--33

 []

) [8]
\openout2 = `existant_part1.aux'.

 (existant_part1.tex
Chapitre 1.

Overfull \hbox (87.26088pt too wide) in paragraph at lines 8--27
 [][] 
 []

[9



]
Overfull \hbox (118.85814pt too wide) in paragraph at lines 42--62
 [][] 
 []

[10]) [11]
\openout2 = `modeles.aux'.

 (modeles.tex
Chapitre 2.
[12



]
<images/perceptron.png, id=389, 392.46625pt x 161.60374pt>
File: images/perceptron.png Graphic file (type png)
<use images/perceptron.png>
Package pdftex.def Info: images/perceptron.png  used on input line 17.
(pdftex.def)             Requested size: 235.48155pt x 96.96298pt.

Underfull \hbox (badness 10000) in paragraph at lines 27--28

 []

<images/multicouche.png, id=391, 357.335pt x 241.90375pt>
File: images/multicouche.png Graphic file (type png)
<use images/multicouche.png>
Package pdftex.def Info: images/multicouche.png  used on input line 44.
(pdftex.def)             Requested size: 178.66705pt x 120.95157pt.
[13 <./images/perceptron.png>]
<images/Autoencoder_structure.png, id=399, 679.53876pt x 507.8975pt>
File: images/Autoencoder_structure.png Graphic file (type png)
<use images/Autoencoder_structure.png>
Package pdftex.def Info: images/Autoencoder_structure.png  used on input line 6
0.
(pdftex.def)             Requested size: 271.81068pt x 203.1554pt.

Underfull \hbox (badness 10000) in paragraph at lines 66--67

 []

[14 <./images/multicouche.png> <./images/Autoencoder_structure.png>]
Underfull \hbox (badness 10000) in paragraph at lines 68--69

 []


Underfull \hbox (badness 10000) in paragraph at lines 70--72

 []

<images/operations_conv.png, id=409, 603.0028pt x 417.05812pt>
File: images/operations_conv.png Graphic file (type png)
<use images/operations_conv.png>
Package pdftex.def Info: images/operations_conv.png  used on input line 79.
(pdftex.def)             Requested size: 422.09908pt x 291.93869pt.

Overfull \hbox (77.09908pt too wide) in paragraph at lines 79--80
 [][] 
 []

[15]
<images/all_cnn.png, id=415, 454.69875pt x 146.04562pt>
File: images/all_cnn.png Graphic file (type png)
<use images/all_cnn.png>
Package pdftex.def Info: images/all_cnn.png  used on input line 88.
(pdftex.def)             Requested size: 363.75949pt x 116.83664pt.

Overfull \hbox (18.75949pt too wide) in paragraph at lines 88--89
 [][] 
 []

[16 <./images/operations_conv.png> <./images/all_cnn.png>]
<images/nin.jpg, id=434, 803.0pt x 234.8775pt>
File: images/nin.jpg Graphic file (type jpg)
<use images/nin.jpg>
Package pdftex.def Info: images/nin.jpg  used on input line 105.
(pdftex.def)             Requested size: 401.49902pt x 117.43846pt.

Overfull \hbox (56.49902pt too wide) in paragraph at lines 105--106
 [][] 
 []

[17]
<images/im.png, id=465, 797.98125pt x 348.30125pt>
File: images/im.png Graphic file (type png)
<use images/im.png>
Package pdftex.def Info: images/im.png  used on input line 113.
(pdftex.def)             Requested size: 398.98964pt x 174.15019pt.

Overfull \hbox (53.98964pt too wide) in paragraph at lines 113--114
 [][] 
 []

[18 <./images/nin.jpg> <./images/im.png>]
<images/average_max.png, id=478, 260.975pt x 310.15875pt>
File: images/average_max.png Graphic file (type png)
<use images/average_max.png>
Package pdftex.def Info: images/average_max.png  used on input line 123.
(pdftex.def)             Requested size: 130.48718pt x 155.079pt.
 [19 <./images/average_max.png>]
Underfull \hbox (badness 10000) in paragraph at lines 145--146

 []

[20]) [21]
\openout2 = `experimentation_part1.aux'.

 (experimentation_part1.tex
Chapitre 3.
<images/dr13_boss.png, id=516, 719.0865pt x 350.5095pt>
File: images/dr13_boss.png Graphic file (type png)
<use images/dr13_boss.png>
Package pdftex.def Info: images/dr13_boss.png  used on input line 15.
(pdftex.def)             Requested size: 359.54237pt x 175.25432pt.

Overfull \hbox (14.54237pt too wide) in paragraph at lines 15--18
 [][] 
 []

[22



]
Underfull \hbox (badness 10000) in paragraph at lines 21--22

 []

<images/star.png, id=526, 433.62pt x 289.08pt>
File: images/star.png Graphic file (type png)
<use images/star.png>
Package pdftex.def Info: images/star.png  used on input line 26.
(pdftex.def)             Requested size: 130.087pt x 86.72466pt.
<images/galaxy.png, id=527, 433.62pt x 289.08pt>
File: images/galaxy.png Graphic file (type png)
<use images/galaxy.png>
Package pdftex.def Info: images/galaxy.png  used on input line 27.
(pdftex.def)             Requested size: 130.087pt x 86.72466pt.
<images/qso.png, id=528, 433.62pt x 289.08pt>
File: images/qso.png Graphic file (type png)
<use images/qso.png>
Package pdftex.def Info: images/qso.png  used on input line 28.
(pdftex.def)             Requested size: 130.087pt x 86.72466pt.
<images/all.png, id=529, 433.62pt x 289.08pt>
File: images/all.png Graphic file (type png)
<use images/all.png>
Package pdftex.def Info: images/all.png  used on input line 29.
(pdftex.def)             Requested size: 130.087pt x 86.72466pt.
[23 <./images/dr13_boss.png> <./images/star.png> <./images/galaxy.png> <./image
s/qso.png> <./images/all.png>]
<images/pretaitemen.png, id=539, 603.0028pt x 183.68625pt>
File: images/pretaitemen.png Graphic file (type png)
<use images/pretaitemen.png>
Package pdftex.def Info: images/pretaitemen.png  used on input line 40.
(pdftex.def)             Requested size: 301.50066pt x 91.84288pt.

Underfull \hbox (badness 10000) in paragraph at lines 49--50

 []

[24 <./images/pretaitemen.png>]
<images/kernel.png, id=557, 609.27625pt x 549.05125pt>
File: images/kernel.png Graphic file (type png)
<use images/kernel.png>
Package pdftex.def Info: images/kernel.png  used on input line 83.
(pdftex.def)             Requested size: 304.63737pt x 274.52495pt.
 [25]
Overfull \hbox (3.36005pt too wide) in paragraph at lines 87--88
\T1/cmr/m/n/10 Dans chaque couche convo-lu-tive, la fonc-tion d'ac-ti-va-tion e
st $\OML/cmm/m/it/10 relu\OT1/cmr/m/n/10 (\OML/cmm/m/it/10 x\OT1/cmr/m/n/10 ) =
 \OML/cmm/m/it/10 max\OT1/cmr/m/n/10 (0\OML/cmm/m/it/10 ; x\OT1/cmr/m/n/10 )$\T
1/cmr/m/n/10 ,
 []


Overfull \hbox (23.86739pt too wide) in paragraph at lines 94--106
 [][] 
 []

[26 <./images/kernel.png>]
Overfull \hbox (20.07751pt too wide) in paragraph at lines 112--132
\T1/cmr/m/n/10 learning_rate = 0.1, col-sample_bylevel=0.592, reg_alpha=0.651, 
reg_lambda=2.84 
 []


Overfull \hbox (3.21634pt too wide) in paragraph at lines 146--146
[]|$\OML/cmm/m/it/10 model\OT1/cmr/m/n/10 1$|  
 []


Overfull \hbox (3.21634pt too wide) in paragraph at lines 158--158
[]|$\OML/cmm/m/it/10 model\OT1/cmr/m/n/10 3$|  
 []


Overfull \hbox (3.21634pt too wide) in paragraph at lines 170--170
[]|$\OML/cmm/m/it/10 model\OT1/cmr/m/n/10 2$|  
 []


Overfull \hbox (71.96835pt too wide) in paragraph at lines 140--179
 [][] 
 []

[27]) [28] [29

] [30

]
<images/supernova.jpg, id=591, 1229.59375pt x 820.06375pt>
File: images/supernova.jpg Graphic file (type jpg)
<use images/supernova.jpg>
Package pdftex.def Info: images/supernova.jpg  used on input line 138.
(pdftex.def)             Requested size: 284.52672pt x 85.35219pt.
<images/series.png, id=592, 627.09282pt x 269.50688pt>
File: images/series.png Graphic file (type png)
<use images/series.png>
Package pdftex.def Info: images/series.png  used on input line 145.
(pdftex.def)             Requested size: 284.53348pt x 85.3598pt.
 [31 <./images/supernova.jpg>] [32 <./images/series.png>]
Chapitre 4.
<images/calibre_light.PNG, id=614, 546.54187pt x 368.1253pt>
File: images/calibre_light.PNG Graphic file (type png)
<use images/calibre_light.PNG>
Package pdftex.def Info: images/calibre_light.PNG  used on input line 173.
(pdftex.def)             Requested size: 437.23409pt x 294.50064pt.

Overfull \hbox (92.23409pt too wide) in paragraph at lines 173--174
 [][] 
 []

[33

]
<images/distribution_learn_supernova.PNG, id=621, 326.72063pt x 225.84375pt>
File: images/distribution_learn_supernova.PNG Graphic file (type png)
<use images/distribution_learn_supernova.PNG>
Package pdftex.def Info: images/distribution_learn_supernova.PNG  used on input
 line 184.
(pdftex.def)             Requested size: 196.03387pt x 135.50728pt.
<images/distribution_test_supernova.PNG, id=622, 339.51843pt x 226.59656pt>
File: images/distribution_test_supernova.PNG Graphic file (type png)
<use images/distribution_test_supernova.PNG>
Package pdftex.def Info: images/distribution_test_supernova.PNG  used on input 
line 185.
(pdftex.def)             Requested size: 203.71262pt x 135.95897pt.

Overfull \hbox (56.96817pt too wide) in paragraph at lines 184--186
[][] [] 
 []

[34 <./images/calibre_light.PNG>]
<images/distribution_learn_supernova_all.PNG, id=628, 321.45094pt x 226.59656pt
>
File: images/distribution_learn_supernova_all.PNG Graphic file (type png)
<use images/distribution_learn_supernova_all.PNG>
Package pdftex.def Info: images/distribution_learn_supernova_all.PNG  used on i
nput line 192.
(pdftex.def)             Requested size: 192.87204pt x 135.95897pt.
<images/distribution_test_supernova_all.PNG, id=629, 316.93407pt x 228.10219pt>

File: images/distribution_test_supernova_all.PNG Graphic file (type png)
<use images/distribution_test_supernova_all.PNG>
Package pdftex.def Info: images/distribution_test_supernova_all.PNG  used on in
put line 193.
(pdftex.def)             Requested size: 190.1619pt x 136.86235pt.

Overfull \hbox (40.25562pt too wide) in paragraph at lines 192--194
[][] [] 
 []

[35 <./images/distribution_learn_supernova.PNG> <./images/distribution_test_sup
ernova.PNG> <./images/distribution_learn_supernova_all.PNG> <./images/distribut
ion_test_supernova_all.PNG>]
Underfull \hbox (badness 10000) in paragraph at lines 209--210

 []

[36]
Underfull \hbox (badness 10000) in paragraph at lines 229--230

 []

[37]
Underfull \hbox (badness 10000) in paragraph at lines 235--237

 []


Overfull \hbox (25.28293pt too wide) in paragraph at lines 243--257
[][] 
 []


Overfull \hbox (35.28049pt too wide) in paragraph at lines 262--276
[][] 
 []


Overfull \hbox (17.3682pt too wide) in paragraph at lines 281--293
[][] 
 []

[38]
Overfull \hbox (75.90945pt too wide) in paragraph at lines 299--327
[][] 
 []

[39] [40

]
\openout2 = `appendix.aux'.

 (appendix.tex
Overfull \hbox (7.38617pt too wide) in paragraph at lines 9--13
\T1/cmr/m/n/10 s.colc_z, s.colc_g, s.colc_r, p.rerun, p.run, p.camcol, p.field,
 p.z as red-shift,p.class 
 []

<images/model1_galaxies.png, id=684, 433.62pt x 289.08pt>
File: images/model1_galaxies.png Graphic file (type png)
<use images/model1_galaxies.png>
Package pdftex.def Info: images/model1_galaxies.png  used on input line 23.
(pdftex.def)             Requested size: 173.44492pt x 115.62994pt.
<images/model1_tous.png, id=685, 433.62pt x 289.08pt>
File: images/model1_tous.png Graphic file (type png)
<use images/model1_tous.png>
Package pdftex.def Info: images/model1_tous.png  used on input line 24.
(pdftex.def)             Requested size: 173.44492pt x 115.62994pt.
<images/model2_galaxies.png, id=686, 433.62pt x 289.08pt>
File: images/model2_galaxies.png Graphic file (type png)
<use images/model2_galaxies.png>
Package pdftex.def Info: images/model2_galaxies.png  used on input line 25.
(pdftex.def)             Requested size: 173.44492pt x 115.62994pt.
<images/model2_tous.png, id=687, 433.62pt x 289.08pt>
File: images/model2_tous.png Graphic file (type png)
<use images/model2_tous.png>
Package pdftex.def Info: images/model2_tous.png  used on input line 26.
(pdftex.def)             Requested size: 173.44492pt x 115.62994pt.
<images/model2_quazars.png, id=688, 433.62pt x 289.08pt>
File: images/model2_quazars.png Graphic file (type png)
<use images/model2_quazars.png>
Package pdftex.def Info: images/model2_quazars.png  used on input line 27.
(pdftex.def)             Requested size: 173.44492pt x 115.62994pt.
<images/model3_galaxies.png, id=689, 433.62pt x 289.08pt>
File: images/model3_galaxies.png Graphic file (type png)
<use images/model3_galaxies.png>
Package pdftex.def Info: images/model3_galaxies.png  used on input line 28.
(pdftex.def)             Requested size: 173.44492pt x 115.62994pt.
<images/model3_tous.png, id=690, 433.62pt x 289.08pt>
File: images/model3_tous.png Graphic file (type png)
<use images/model3_tous.png>
Package pdftex.def Info: images/model3_tous.png  used on input line 29.
(pdftex.def)             Requested size: 173.44492pt x 115.62994pt.
<images/model3_quazars.png, id=691, 433.62pt x 289.08pt>
File: images/model3_quazars.png Graphic file (type png)
<use images/model3_quazars.png>
Package pdftex.def Info: images/model3_quazars.png  used on input line 30.
(pdftex.def)             Requested size: 173.44492pt x 115.62994pt.

Overfull \hbox (4.11151pt too wide) in paragraph at lines 23--31
[][] []
 []


Overfull \hbox (4.11151pt too wide) in paragraph at lines 23--31
[] []
 []


Overfull \hbox (4.11151pt too wide) in paragraph at lines 23--31
[] []
 []


Overfull \hbox (4.11151pt too wide) in paragraph at lines 23--31
[] [] 
 []

) [41


] [42 <./images/model1_galaxies.png> <./images/model1_tous.png> <./images/model
2_galaxies.png> <./images/model2_tous.png> <./images/model2_quazars.png> <./ima
ges/model3_galaxies.png> <./images/model3_tous.png> <./images/model3_quazars.pn
g>]
Package atveryend Info: Empty hook `BeforeClearDocument' on input line 348.
Package atveryend Info: Empty hook `AfterLastShipout' on input line 348.
 (main.aux (context_part1.aux) (existant_part1.aux) (modeles.aux)
(experimentation_part1.aux) (appendix.aux))
Package atveryend Info: Executing hook `AtVeryEndDocument' on input line 348.
Package atveryend Info: Executing hook `AtEndAfterFileList' on input line 348.
Package rerunfilecheck Info: File `main.out' has not changed.
(rerunfilecheck)             Checksum: 62073926E1717EC46B5BE054E5CD32F5;2433.


LaTeX Warning: There were undefined references.


Package biblatex Warning: Please (re)run BibTeX on the file(s):
(biblatex)                main
(biblatex)                and rerun LaTeX afterwards.

Package logreq Info: Writing requests to 'main.run.xml'.
\openout1 = `main.run.xml'.

 ) 
Here is how much of TeX's memory you used:
 14842 strings out of 492973
 246442 string characters out of 3135923
 651788 words of memory out of 3000000
 18271 multiletter control sequences out of 15000+200000
 17672 words of font info for 33 fonts, out of 3000000 for 9000
 1141 hyphenation exceptions out of 8191
 36i,11n,37p,1709b,2169s stack positions out of 5000i,500n,10000p,200000b,50000s
pdfTeX warning (dest): name{cite.0@sax} has been referenced but does not exis
t, replaced by a fixed one

pdfTeX warning (dest): name{cite.0@rl} has been referenced but does not exist, 
replaced by a fixed one

pdfTeX warning (dest): name{cite.0@knn} has been referenced but does not exist,
 replaced by a fixed one

pdfTeX warning (dest): name{cite.0@randomForest} has been referenced but does n
ot exist, replaced by a fixed one

pdfTeX warning (dest): name{cite.0@decisionTree} has been referenced but does n
ot exist, replaced by a fixed one

pdfTeX warning (dest): name{cite.0@timereview} has been referenced but does not
 exist, replaced by a fixed one

pdfTeX warning (dest): name{cite.0@bazin} has been referenced but does not exis
t, replaced by a fixed one

pdfTeX warning (dest): name{cite.0@ramps} has been referenced but does not exis
t, replaced by a fixed one

pdfTeX warning (dest): name{cite.0@lsst} has been referenced but does not exist
, replaced by a fixed one

pdfTeX warning (dest): name{cite.0@boost} has been referenced but does not exis
t, replaced by a fixed one

pdfTeX warning (dest): name{cite.0@scikit-learn} has been referenced but does n
ot exist, replaced by a fixed one

pdfTeX warning (dest): name{cite.0@chollet2015keras} has been referenced but do
es not exist, replaced by a fixed one

pdfTeX warning (dest): name{cite.0@batch} has been referenced but does not exis
t, replaced by a fixed one

pdfTeX warning (dest): name{cite.0@adam} has been referenced but does not exist
, replaced by a fixed one

pdfTeX warning (dest): name{cite.0@adagrad} has been referenced but does not ex
ist, replaced by a fixed one

pdfTeX warning (dest): name{cite.0@sgd_} has been referenced but does not exist
, replaced by a fixed one

pdfTeX warning (dest): name{cite.0@erc} has been referenced but does not exist,
 replaced by a fixed one

pdfTeX warning (dest): name{cite.0@rnna} has been referenced but does not exist
, replaced by a fixed one

pdfTeX warning (dest): name{cite.0@relu} has been referenced but does not exist
, replaced by a fixed one

pdfTeX warning (dest): name{cite.0@pool4} has been referenced but does not exis
t, replaced by a fixed one

pdfTeX warning (dest): name{cite.0@pool3} has been referenced but does not exis
t, replaced by a fixed one

pdfTeX warning (dest): name{cite.0@pool2} has been referenced but does not exis
t, replaced by a fixed one

pdfTeX warning (dest): name{cite.0@pool1} has been referenced but does not exis
t, replaced by a fixed one

pdfTeX warning (dest): name{cite.0@im4} has been referenced but does not exist,
 replaced by a fixed one

pdfTeX warning (dest): name{cite.0@im3} has been referenced but does not exist,
 replaced by a fixed one

pdfTeX warning (dest): name{cite.0@nin1} has been referenced but does not exist
, replaced by a fixed one

pdfTeX warning (dest): name{cite.0@dilate4} has been referenced but does not ex
ist, replaced by a fixed one

pdfTeX warning (dest): name{cite.0@dilate3} has been referenced but does not ex
ist, replaced by a fixed one

pdfTeX warning (dest): name{cite.0@dilate2} has been referenced but does not ex
ist, replaced by a fixed one

pdfTeX warning (dest): name{cite.0@dilate1} has been referenced but does not ex
ist, replaced by a fixed one

pdfTeX warning (dest): name{cite.0@transcd5} has been referenced but does not e
xist, replaced by a fixed one

pdfTeX warning (dest): name{cite.0@transcd4} has been referenced but does not e
xist, replaced by a fixed one

pdfTeX warning (dest): name{cite.0@transcd3} has been referenced but does not e
xist, replaced by a fixed one

pdfTeX warning (dest): name{cite.0@transcd2} has been referenced but does not e
xist, replaced by a fixed one

pdfTeX warning (dest): name{cite.0@transcd1} has been referenced but does not e
xist, replaced by a fixed one

pdfTeX warning (dest): name{cite.0@tcnn3} has been referenced but does not exis
t, replaced by a fixed one

pdfTeX warning (dest): name{cite.0@tcnn2} has been referenced but does not exis
t, replaced by a fixed one

pdfTeX warning (dest): name{cite.0@tcnn1} has been referenced but does not exis
t, replaced by a fixed one

pdfTeX warning (dest): name{cite.0@ann1} has been referenced but does not exist
, replaced by a fixed one

pdfTeX warning (dest): name{cite.0@ben} has been referenced but does not exist,
 replaced by a fixed one

pdfTeX warning (dest): name{cite.0@sql} has been referenced but does not exist,
 replaced by a fixed one

pdfTeX warning (dest): name{cite.0@Gabriel} has been referenced but does not ex
ist, replaced by a fixed one

pdfTeX warning (dest): name{cite.0@im2} has been referenced but does not exist,
 replaced by a fixed one

pdfTeX warning (dest): name{cite.0@im1} has been referenced but does not exist,
 replaced by a fixed one

pdfTeX warning (dest): name{cite.0@sdss} has been referenced but does not exist
, replaced by a fixed one

pdfTeX warning (dest): name{cite.0@stack} has been referenced but does not exis
t, replaced by a fixed one

pdfTeX warning (dest): name{cite.0@photoredSDSS} has been referenced but does n
ot exist, replaced by a fixed one

pdfTeX warning (dest): name{cite.0@rcnn} has been referenced but does not exist
, replaced by a fixed one

pdfTeX warning (dest): name{cite.0@adavencedCNN} has been referenced but does n
ot exist, replaced by a fixed one

pdfTeX warning (dest): name{cite.0@photoSED} has been referenced but does not e
xist, replaced by a fixed one

pdfTeX warning (dest): name{cite.0@adrian} has been referenced but does not exi
st, replaced by a fixed one

pdfTeX warning (dest): name{cite.0@Narciso} has been referenced but does not ex
ist, replaced by a fixed one

pdfTeX warning (dest): name{cite.0@isanto} has been referenced but does not exi
st, replaced by a fixed one

pdfTeX warning (dest): name{cite.0@meuphirim} has been referenced but does not 
exist, replaced by a fixed one

 <C:\Users\Oussissa\AppData\Local\MiKTeX\2.9\fonts\pk\ljfour\jknappen\ec\dpi600
\ecti1000.pk> <C:\Users\Oussissa\AppData\Local\MiKTeX\2.9\fonts\pk\ljfour\jknap
pen\ec\dpi600\eccc1000.pk> <C:\Users\Oussissa\AppData\Local\MiKTeX\2.9\fonts\pk
\ljfour\jknappen\ec\dpi600\ecrm0800.pk> <C:\Users\Oussissa\AppData\Local\MiKTeX
\2.9\fonts\pk\ljfour\jknappen\ec\dpi600\ecrm0700.pk> <C:\Users\Oussissa\AppData
\Local\MiKTeX\2.9\fonts\pk\ljfour\jknappen\ec\dpi600\ecbx1000.pk> <C:\Users\Ous
sissa\AppData\Local\MiKTeX\2.9\fonts\pk\ljfour\jknappen\ec\dpi600\ecbx1200.pk> 
<C:\Users\Oussissa\AppData\Local\MiKTeX\2.9\fonts\pk\ljfour\jknappen\ec\dpi600\
ecbx2488.pk> <C:\Users\Oussissa\AppData\Local\MiKTeX\2.9\fonts\pk\ljfour\jknapp
en\ec\dpi600\ecrm1000.pk> <C:\Users\Oussissa\AppData\Local\MiKTeX\2.9\fonts\pk\
ljfour\jknappen\ec\dpi600\ecbi1440.pk> <C:\Users\Oussissa\AppData\Local\MiKTeX\
2.9\fonts\pk\ljfour\jknappen\ec\dpi600\ecrm1440.pk> <C:\Users\Oussissa\AppData\
Local\MiKTeX\2.9\fonts\pk\ljfour\jknappen\ec\dpi600\eccc1200.pk> <C:\Users\Ouss
issa\AppData\Local\MiKTeX\2.9\fonts\pk\ljfour\jknappen\ec\dpi600\ecti1200.pk> <
C:\Users\Oussissa\AppData\Local\MiKTeX\2.9\fonts\pk\ljfour\jknappen\ec\dpi600\e
cbx2074.pk> <C:\Users\Oussissa\AppData\Local\MiKTeX\2.9\fonts\pk\ljfour\jknappe
n\ec\dpi600\ecbx1440.pk> <C:\Users\Oussissa\AppData\Local\MiKTeX\2.9\fonts\pk\l
jfour\jknappen\ec\dpi600\ecti1440.pk><C:/Program Files/MiKTeX 2.9/fonts/type1/p
ublic/amsfonts/cm/cmex10.pfb><C:/Program Files/MiKTeX 2.9/fonts/type1/public/am
sfonts/cm/cmmi10.pfb><C:/Program Files/MiKTeX 2.9/fonts/type1/public/amsfonts/c
m/cmmi5.pfb><C:/Program Files/MiKTeX 2.9/fonts/type1/public/amsfonts/cm/cmmi7.p
fb><C:/Program Files/MiKTeX 2.9/fonts/type1/public/amsfonts/cm/cmr10.pfb><C:/Pr
ogram Files/MiKTeX 2.9/fonts/type1/public/amsfonts/cm/cmr5.pfb><C:/Program File
s/MiKTeX 2.9/fonts/type1/public/amsfonts/cm/cmr7.pfb><C:/Program Files/MiKTeX 2
.9/fonts/type1/public/amsfonts/cm/cmsy10.pfb><C:/Program Files/MiKTeX 2.9/fonts
/type1/public/amsfonts/cm/cmsy5.pfb><C:/Program Files/MiKTeX 2.9/fonts/type1/pu
blic/amsfonts/cm/cmsy7.pfb>
Output written on main.pdf (48 pages, 1608509 bytes).
PDF statistics:
 1313 PDF objects out of 1440 (max. 8388607)
 202 named destinations out of 1000 (max. 500000)
 416 words of extra memory for PDF output out of 10000 (max. 10000000)

